Added Component: Designator=C1(FP-RAD-TH-D_12_5_0_5-L_20-MFG)
Added Component: Designator=C2(FP-RAD-TH-D_12_5_0_5-L_20-MFG)
Added Component: Designator=D1(WL-TMRC_D5.9H8.7)
Added Component: Designator=D2(WL-TMRC_D5.9H8.7)
Added Component: Designator=Q1(ONSC-TO-92-3-29-11)
Added Component: Designator=Q2(ONSC-TO-92-3-29-11)
Added Component: Designator=R1(FP-EY-MFG)
Added Component: Designator=R2(FP-EY-MFG)
Added Component: Designator=R3(FP-EY-MFG)
Added Component: Designator=R4(FP-EY-MFG)
Added Net: Name=9VCC
Added Net: Name=GND
Added Net: Name=NetC1_1
Added Net: Name=NetC1_2
Added Net: Name=NetC2_1
Added Net: Name=NetC2_2
Added Net: Name=NetD1_1
Added Net: Name=NetD2_1
Added Class: Name=LEDBLINKING(AstableMultiVbrator)
Added Rule: Name=Schematic Supply Nets
Added Rule: Name=Schematic Supply Nets_1
