Add Component: Footprint Not Found DIP762W56P254L988H533Q8N
Add Component: Footprint Not Found TO545P530X1560X2460-3P
Add Component: Footprint Not Found TO545P530X1560X2460-3P
Add Pin To Net: Unknown Pin: Pin B1-1
Add Pin To Net: Unknown Pin: Pin B1-2
Add Pin To Net: Unknown Pin: Pin B1-3
Add Pin To Net: Unknown Pin: Pin B1-4
Add Pin To Net: Unknown Pin: Pin B1-5
Add Pin To Net: Unknown Pin: Pin B1-6
Add Pin To Net: Unknown Pin: Pin B1-7
Add Pin To Net: Unknown Pin: Pin B1-8
Add Pin To Net: Unknown Pin: Pin Q1-1
Add Pin To Net: Unknown Pin: Pin Q1-2
Add Pin To Net: Unknown Pin: Pin Q1-3
Add Pin To Net: Unknown Pin: Pin Q2-1
Add Pin To Net: Unknown Pin: Pin Q2-2
Add Pin To Net: Unknown Pin: Pin Q2-3
Add Class Member: Failed to add class member : Component B1 IR2104
Add Class Member: Failed to add class member : Component Q1 IRFP150N
Add Class Member: Failed to add class member : Component Q2 IRFP150N
